# JRE version: 7.0_17-b02
# Java VM: Java HotSpot(TM) 64-Bit Server VM (23.7-b01 mixed mode windows-amd64 compressed oops)
Heap
 PSYoungGen      total 195200K, used 192584K [0x00000000eaab0000, 0x00000000f8390000, 0x0000000100000000)
  eden space 174336K, 100% used [0x00000000eaab0000,0x00000000f54f0000,0x00000000f54f0000)
  from space 20864K, 87% used [0x00000000f6f30000,0x00000000f8102030,0x00000000f8390000)
  to   space 23872K, 95% used [0x00000000f54f0000,0x00000000f6b502f8,0x00000000f6c40000)
 ParOldGen       total 76992K, used 35177K [0x00000000c0000000, 0x00000000c4b30000, 0x00000000eaab0000)
  object space 76992K, 45% used [0x00000000c0000000,0x00000000c225a660,0x00000000c4b30000)
 PSPermGen       total 87872K, used 52290K [0x00000000b0000000, 0x00000000b55d0000, 0x00000000c0000000)
  object space 87872K, 59% used [0x00000000b0000000,0x00000000b3310a88,0x00000000b55d0000)
GC Heap History (10 events):
Event: 14.927 GC heap after
Heap after GC invocations=10 (full 0):
 PSYoungGen      total 168064K, used 18771K [0x00000000eaab0000, 0x00000000f6970000, 0x0000000100000000)
  eden space 148480K, 0% used [0x00000000eaab0000,0x00000000eaab0000,0x00000000f3bb0000)
  from space 19584K, 95% used [0x00000000f5150000,0x00000000f63a4d70,0x00000000f6470000)
  to   space 22144K, 0% used [0x00000000f3bb0000,0x00000000f3bb0000,0x00000000f5150000)
 ParOldGen       total 42304K, used 34562K [0x00000000c0000000, 0x00000000c2950000, 0x00000000eaab0000)
  object space 42304K, 81% used [0x00000000c0000000,0x00000000c21c0b40,0x00000000c2950000)
 PSPermGen       total 38144K, used 38007K [0x00000000b0000000, 0x00000000b2540000, 0x00000000c0000000)
  object space 38144K, 99% used [0x00000000b0000000,0x00000000b251dc70,0x00000000b2540000)
}
Event: 14.950 GC heap before
{Heap before GC invocations=11 (full 1):
 PSYoungGen      total 168064K, used 18771K [0x00000000eaab0000, 0x00000000f6970000, 0x0000000100000000)
  eden space 148480K, 0% used [0x00000000eaab0000,0x00000000eaab0000,0x00000000f3bb0000)
  from space 19584K, 95% used [0x00000000f5150000,0x00000000f63a4d70,0x00000000f6470000)
  to   space 22144K, 0% used [0x00000000f3bb0000,0x00000000f3bb0000,0x00000000f5150000)
 ParOldGen       total 42304K, used 34562K [0x00000000c0000000, 0x00000000c2950000, 0x00000000eaab0000)
  object space 42304K, 81% used [0x00000000c0000000,0x00000000c21c0b40,0x00000000c2950000)
 PSPermGen       total 38144K, used 38007K [0x00000000b0000000, 0x00000000b2540000, 0x00000000c0000000)
  object space 38144K, 99% used [0x00000000b0000000,0x00000000b251dc70,0x00000000b2540000)
Event: 15.423 GC heap after
Heap after GC invocations=11 (full 1):
 PSYoungGen      total 168064K, used 1203K [0x00000000eaab0000, 0x00000000f6970000, 0x0000000100000000)
  eden space 148480K, 0% used [0x00000000eaab0000,0x00000000eaab0000,0x00000000f3bb0000)
  from space 19584K, 6% used [0x00000000f5150000,0x00000000f527ce78,0x00000000f6470000)
  to   space 22144K, 0% used [0x00000000f3bb0000,0x00000000f3bb0000,0x00000000f5150000)
 ParOldGen       total 76992K, used 42303K [0x00000000c0000000, 0x00000000c4b30000, 0x00000000eaab0000)
  object space 76992K, 54% used [0x00000000c0000000,0x00000000c294fc18,0x00000000c4b30000)
 PSPermGen       total 76544K, used 37987K [0x00000000b0000000, 0x00000000b4ac0000, 0x00000000c0000000)
  object space 76544K, 49% used [0x00000000b0000000,0x00000000b2518c88,0x00000000b4ac0000)
}
Event: 26.085 GC heap before
{Heap before GC invocations=12 (full 1):
 PSYoungGen      total 168064K, used 92891K [0x00000000eaab0000, 0x00000000f6970000, 0x0000000100000000)
  eden space 148480K, 61% used [0x00000000eaab0000,0x00000000f0439fb0,0x00000000f3bb0000)
  from space 19584K, 6% used [0x00000000f5150000,0x00000000f527ce78,0x00000000f6470000)
  to   space 22144K, 0% used [0x00000000f3bb0000,0x00000000f3bb0000,0x00000000f5150000)
 ParOldGen       total 76992K, used 42303K [0x00000000c0000000, 0x00000000c4b30000, 0x00000000eaab0000)
  object space 76992K, 54% used [0x00000000c0000000,0x00000000c294fc18,0x00000000c4b30000)
 PSPermGen       total 76544K, used 40426K [0x00000000b0000000, 0x00000000b4ac0000, 0x00000000c0000000)
  object space 76544K, 52% used [0x00000000b0000000,0x00000000b277aa48,0x00000000b4ac0000)
Event: 26.111 GC heap after
Heap after GC invocations=12 (full 1):
 PSYoungGen      total 170624K, used 4556K [0x00000000eaab0000, 0x00000000f8490000, 0x0000000100000000)
  eden space 148480K, 0% used [0x00000000eaab0000,0x00000000eaab0000,0x00000000f3bb0000)
  from space 22144K, 20% used [0x00000000f3bb0000,0x00000000f4023008,0x00000000f5150000)
  to   space 21888K, 0% used [0x00000000f6f30000,0x00000000f6f30000,0x00000000f8490000)
 ParOldGen       total 76992K, used 42327K [0x00000000c0000000, 0x00000000c4b30000, 0x00000000eaab0000)
  object space 76992K, 54% used [0x00000000c0000000,0x00000000c2955c18,0x00000000c4b30000)
 PSPermGen       total 76544K, used 40426K [0x00000000b0000000, 0x00000000b4ac0000, 0x00000000c0000000)
  object space 76544K, 52% used [0x00000000b0000000,0x00000000b277aa48,0x00000000b4ac0000)
}
Event: 26.111 GC heap before
{Heap before GC invocations=13 (full 2):
 PSYoungGen      total 170624K, used 4556K [0x00000000eaab0000, 0x00000000f8490000, 0x0000000100000000)
  eden space 148480K, 0% used [0x00000000eaab0000,0x00000000eaab0000,0x00000000f3bb0000)
  from space 22144K, 20% used [0x00000000f3bb0000,0x00000000f4023008,0x00000000f5150000)
  to   space 21888K, 0% used [0x00000000f6f30000,0x00000000f6f30000,0x00000000f8490000)
 ParOldGen       total 76992K, used 42327K [0x00000000c0000000, 0x00000000c4b30000, 0x00000000eaab0000)
  object space 76992K, 54% used [0x00000000c0000000,0x00000000c2955c18,0x00000000c4b30000)
 PSPermGen       total 76544K, used 40426K [0x00000000b0000000, 0x00000000b4ac0000, 0x00000000c0000000)
  object space 76544K, 52% used [0x00000000b0000000,0x00000000b277aa48,0x00000000b4ac0000)
Event: 26.266 GC heap after
Heap after GC invocations=13 (full 2):
 PSYoungGen      total 170624K, used 0K [0x00000000eaab0000, 0x00000000f8490000, 0x0000000100000000)
  eden space 148480K, 0% used [0x00000000eaab0000,0x00000000eaab0000,0x00000000f3bb0000)
  from space 22144K, 0% used [0x00000000f3bb0000,0x00000000f3bb0000,0x00000000f5150000)
  to   space 21888K, 0% used [0x00000000f6f30000,0x00000000f6f30000,0x00000000f8490000)
 ParOldGen       total 76992K, used 35177K [0x00000000c0000000, 0x00000000c4b30000, 0x00000000eaab0000)
  object space 76992K, 45% used [0x00000000c0000000,0x00000000c225a660,0x00000000c4b30000)
 PSPermGen       total 87872K, used 40425K [0x00000000b0000000, 0x00000000b55d0000, 0x00000000c0000000)
  object space 87872K, 46% used [0x00000000b0000000,0x00000000b277a720,0x00000000b55d0000)
}
Event: 58.389 GC heap before
{Heap before GC invocations=14 (full 2):
 PSYoungGen      total 170624K, used 148480K [0x00000000eaab0000, 0x00000000f8490000, 0x0000000100000000)
  eden space 148480K, 100% used [0x00000000eaab0000,0x00000000f3bb0000,0x00000000f3bb0000)
  from space 22144K, 0% used [0x00000000f3bb0000,0x00000000f3bb0000,0x00000000f5150000)
  to   space 21888K, 0% used [0x00000000f6f30000,0x00000000f6f30000,0x00000000f8490000)
 ParOldGen       total 76992K, used 35177K [0x00000000c0000000, 0x00000000c4b30000, 0x00000000eaab0000)
  object space 76992K, 45% used [0x00000000c0000000,0x00000000c225a660,0x00000000c4b30000)
 PSPermGen       total 87872K, used 46239K [0x00000000b0000000, 0x00000000b55d0000, 0x00000000c0000000)
  object space 87872K, 52% used [0x00000000b0000000,0x00000000b2d27f58,0x00000000b55d0000)
Event: 58.434 GC heap after
Heap after GC invocations=14 (full 2):
 PSYoungGen      total 195200K, used 18248K [0x00000000eaab0000, 0x00000000f8390000, 0x0000000100000000)
  eden space 174336K, 0% used [0x00000000eaab0000,0x00000000eaab0000,0x00000000f54f0000)
  from space 20864K, 87% used [0x00000000f6f30000,0x00000000f8102030,0x00000000f8390000)
  to   space 23872K, 0% used [0x00000000f54f0000,0x00000000f54f0000,0x00000000f6c40000)
 ParOldGen       total 76992K, used 35177K [0x00000000c0000000, 0x00000000c4b30000, 0x00000000eaab0000)
  object space 76992K, 45% used [0x00000000c0000000,0x00000000c225a660,0x00000000c4b30000)
 PSPermGen       total 87872K, used 46239K [0x00000000b0000000, 0x00000000b55d0000, 0x00000000c0000000)
  object space 87872K, 52% used [0x00000000b0000000,0x00000000b2d27f58,0x00000000b55d0000)
}
Event: 8623.577 GC heap before
{Heap before GC invocations=15 (full 2):
 PSYoungGen      total 195200K, used 192584K [0x00000000eaab0000, 0x00000000f8390000, 0x0000000100000000)
  eden space 174336K, 100% used [0x00000000eaab0000,0x00000000f54f0000,0x00000000f54f0000)
  from space 20864K, 87% used [0x00000000f6f30000,0x00000000f8102030,0x00000000f8390000)
  to   space 23872K, 0% used [0x00000000f54f0000,0x00000000f54f0000,0x00000000f6c40000)
 ParOldGen       total 76992K, used 35177K [0x00000000c0000000, 0x00000000c4b30000, 0x00000000eaab0000)
  object space 76992K, 45% used [0x00000000c0000000,0x00000000c225a660,0x00000000c4b30000)
 PSPermGen       total 87872K, used 52290K [0x00000000b0000000, 0x00000000b55d0000, 0x00000000c0000000)
  object space 87872K, 59% used [0x00000000b0000000,0x00000000b3310a88,0x00000000b55d0000)

